<?xml version="1.0" encoding="UTF-8"?>
<!-- Generated by org.testng.reporters.JUnitXMLReporter -->
<testsuite ignored="0" hostname="Patel-G" failures="0" tests="2" name="Full regression Test" time="0.059" errors="0" timestamp="2024-07-01T22:48:03 IST">
  <testcase classname="com.comcast.crm.createorg.test.CreateContactTest" name="sampleTest" time="0.015"/>
  <testcase classname="com.comcast.crm.createorg.test.CreateOrgTest" name="sampleTest" time="0.003"/>
</testsuite> <!-- Full regression Test -->
