<?xml version="1.0" encoding="UTF-8"?>
<testng-results ignored="0" total="1" passed="1" failed="0" skipped="0">
  <reporter-output>
  </reporter-output>
  <suite started-at="2024-07-01T22:48:16 IST" name="Smoke" finished-at="2024-07-01T22:48:16 IST" duration-ms="49">
    <groups>
    </groups>
    <test started-at="2024-07-01T22:48:16 IST" name="Smoke Test" finished-at="2024-07-01T22:48:16 IST" duration-ms="49">
      <class name="com.comcast.crm.createorg.test.CreateOrgTest">
        <test-method signature="sampleTest()[pri:0, instance:com.comcast.crm.createorg.test.CreateOrgTest@20ce78ec]" started-at="2024-07-01T22:48:16 IST" name="sampleTest" finished-at="2024-07-01T22:48:16 IST" duration-ms="15" status="PASS">
          <reporter-output>
          </reporter-output>
        </test-method> <!-- sampleTest -->
      </class> <!-- com.comcast.crm.createorg.test.CreateOrgTest -->
    </test> <!-- Smoke Test -->
  </suite> <!-- Smoke -->
</testng-results>
